\BOOKMARK [1][-]{section.1}{Allgemeine Begrifflichkeiten und Grundlagen}{}% 1
\BOOKMARK [2][-]{subsection.1.1}{Zahlen und Zahlenmengen}{section.1}% 2
\BOOKMARK [2][-]{subsection.1.2}{Terme}{section.1}% 3
\BOOKMARK [2][-]{subsection.1.3}{Termstrukturen}{section.1}% 4
\BOOKMARK [3][-]{subsubsection.1.3.1}{Wichtige Verkn\374pfungsregel}{subsection.1.3}% 5
\BOOKMARK [2][-]{subsection.1.4}{Rechenregeln}{section.1}% 6
\BOOKMARK [2][-]{subsection.1.5}{Br\374che und Bruchterme}{section.1}% 7
\BOOKMARK [2][-]{subsection.1.6}{Ihre Aufgaben}{section.1}% 8
\BOOKMARK [1][-]{section.2}{Gleichungen und Ungleichungen}{}% 9
\BOOKMARK [2][-]{subsection.2.1}{Allgemeines zu Gleichungen und Ungleichungen}{section.2}% 10
\BOOKMARK [2][-]{subsection.2.2}{Die L\366sungsmenge einer Gleichung}{section.2}% 11
\BOOKMARK [2][-]{subsection.2.3}{Die L\366sungsmenge einer Gleichung bestimmen und angeben}{section.2}% 12
\BOOKMARK [1][-]{section.1}{Begrifflichkeiten Funktionen}{}% 13
\BOOKMARK [2][-]{subsection.1.1}{Wertepaare}{section.1}% 14
\BOOKMARK [2][-]{subsection.1.2}{Wertepaare werden zum Graphen}{section.1}% 15
\BOOKMARK [2][-]{subsection.1.3}{Die Gleichung wird zum Graphen}{section.1}% 16
\BOOKMARK [2][-]{subsection.1.4}{Modell vs. Realit\344t}{section.1}% 17
\BOOKMARK [1][-]{section.2}{Der Begriff \214Funktion\215}{}% 18
\BOOKMARK [2][-]{subsection.2.1}{Darstellungsformen von Funktionen}{section.2}% 19
\BOOKMARK [1][-]{section.3}{Begriffe zur Beschreibung eines Graphen}{}% 20
\BOOKMARK [1][-]{section.4}{Funktionstypen}{}% 21
\BOOKMARK [2][-]{subsection.4.1}{Funktionstypen und ihre Prototypen}{section.4}% 22
\BOOKMARK [2][-]{subsection.4.2}{Verkettete Funktionen}{section.4}% 23
\BOOKMARK [1][-]{section.1}{Spezialit\344ten und Tricks}{}% 24
\BOOKMARK [2][-]{subsection.1.1}{Besonderheit 1 - Au\337ergew\366hnliche Wertetabelle}{section.1}% 25
\BOOKMARK [2][-]{subsection.1.2}{Besonderheit 2 - Unklare Skalierung}{section.1}% 26
